[debug] [2021-07-27T01:20:38.448Z] ----------------------------------------------------------------------
[debug] [2021-07-27T01:20:38.474Z] Command:       C:\Program Files\nodejs\node.exe C:\Users\RAJESH\AppData\Roaming\npm\node_modules\firebase-tools\lib\bin\firebase.js init hosting:github
[debug] [2021-07-27T01:20:38.474Z] CLI Version:   9.16.0
[debug] [2021-07-27T01:20:38.474Z] Platform:      win32
[debug] [2021-07-27T01:20:38.475Z] Node Version:  v14.17.3
[debug] [2021-07-27T01:20:38.561Z] Time:          Tue Jul 27 2021 06:50:38 GMT+0530 (India Standard Time)
[debug] [2021-07-27T01:20:38.562Z] ----------------------------------------------------------------------
[debug] 
[debug] [2021-07-27T01:20:38.737Z] > command requires scopes: ["email","openid","https://www.googleapis.com/auth/cloudplatformprojects.readonly","https://www.googleapis.com/auth/firebase","https://www.googleapis.com/auth/cloud-platform"]
[debug] [2021-07-27T01:20:38.738Z] > authorizing via signed-in user (raj.viji.kowshic@gmail.com)
[info] 
     ######## #### ########  ######## ########     ###     ######  ########
     ##        ##  ##     ## ##       ##     ##  ##   ##  ##       ##
     ######    ##  ########  ######   ########  #########  ######  ######
     ##        ##  ##    ##  ##       ##     ## ##     ##       ## ##
     ##       #### ##     ## ######## ########  ##     ##  ######  ########

You're about to initialize a Firebase project in this directory:

  D:\Python\RKS.com

Before we get started, keep in mind:

  * You are initializing within an existing Firebase project directory

[info] 
=== Project Setup
[info] 
[info] First, let's associate this project directory with a Firebase project.
[info] You can create multiple project aliases by running firebase use --add, 
[info] but for now we'll just set up a default project.
[info] 
[info] i  .firebaserc already has a default project, using rks206. 
[debug] [2021-07-27T01:20:47.878Z] > refreshing access token with scopes: []
[debug] [2021-07-27T01:20:47.879Z] >>> HTTP REQUEST POST https://www.googleapis.com/oauth2/v3/token  
 <request body omitted>
[debug] [2021-07-27T01:20:48.184Z] <<< HTTP RESPONSE 200 {"cache-control":"no-cache, no-store, max-age=0, must-revalidate","pragma":"no-cache","expires":"Mon, 01 Jan 1990 00:00:00 GMT","date":"Tue, 27 Jul 2021 01:20:48 GMT","content-type":"application/json; charset=utf-8","vary":"X-Origin, Referer, Origin,Accept-Encoding","server":"scaffolding on HTTPServer2","x-xss-protection":"0","x-frame-options":"SAMEORIGIN","x-content-type-options":"nosniff","alt-svc":"h3=\":443\"; ma=2592000,h3-29=\":443\"; ma=2592000,h3-T051=\":443\"; ma=2592000,h3-Q050=\":443\"; ma=2592000,h3-Q046=\":443\"; ma=2592000,h3-Q043=\":443\"; ma=2592000,quic=\":443\"; ma=2592000; v=\"46,43\"","accept-ranges":"none","transfer-encoding":"chunked"}
[debug] [2021-07-27T01:20:48.262Z] >>> [apiv2][query] GET https://firebase.googleapis.com/v1beta1/projects/rks206 [none]
[debug] [2021-07-27T01:20:48.640Z] <<< [apiv2][status] GET https://firebase.googleapis.com/v1beta1/projects/rks206 200
[debug] [2021-07-27T01:20:48.640Z] <<< [apiv2][body] GET https://firebase.googleapis.com/v1beta1/projects/rks206 {"projectId":"rks206","projectNumber":"298805414743","displayName":"rks2006","name":"projects/rks206","resources":{"hostingSite":"rks206"},"state":"ACTIVE"}
[info] 
=== Hosting:github Setup
[info] 
[info] i  Didn't detect a .git folder. Assuming D:\Python\RKS.com is the project root. 
[info] i  Authorizing with GitHub to upload your service account to a GitHub repository's secrets store. 
[info] 
[info] Visit this URL on this device to log in:
[info] https://github.com/login/oauth/authorize?client_id=89cf50f02ac6aaed3484&state=21360999&redirect_uri=http%3A%2F%2Flocalhost%3A9005&scope=read%3Auser%20repo%20public_repo
[info] 
[info] Waiting for authentication...
[debug] [2021-07-27T01:20:51.583Z] >>> HTTP REQUEST POST https://github.com/login/oauth/access_token  
 {"client_id":"89cf50f02ac6aaed3484","client_secret":"3330d14abc895d9a74d5f17cd7a00711fa2c5bf0","code":"389e1fceb13248437f86","redirect_uri":"http://localhost:9005","state":"21360999"}
[debug] [2021-07-27T01:20:51.965Z] <<< HTTP RESPONSE 200 {"server":"GitHub.com","date":"Tue, 27 Jul 2021 01:20:52 GMT","content-type":"application/json; charset=utf-8","transfer-encoding":"chunked","vary":"X-PJAX, Accept-Encoding, Accept, X-Requested-With","permissions-policy":"interest-cohort=()","etag":"W/\"57baf81418d2e83cefed1efb6fdd59f9\"","cache-control":"max-age=0, private, must-revalidate","strict-transport-security":"max-age=31536000; includeSubdomains; preload","x-frame-options":"deny","x-content-type-options":"nosniff","x-xss-protection":"0","referrer-policy":"origin-when-cross-origin, strict-origin-when-cross-origin","expect-ct":"max-age=2592000, report-uri=\"https://api.github.com/_private/browser/errors\"","content-security-policy":"default-src 'none'; base-uri 'self'; block-all-mixed-content; connect-src 'self' uploads.github.com www.githubstatus.com collector.githubapp.com api.github.com github-cloud.s3.amazonaws.com github-production-repository-file-5c1aeb.s3.amazonaws.com github-production-upload-manifest-file-7fdce7.s3.amazonaws.com github-production-user-asset-6210df.s3.amazonaws.com cdn.optimizely.com logx.optimizely.com/v1/events translator.github.com wss://alive.github.com; font-src github.githubassets.com; form-action 'self' github.com gist.github.com; frame-ancestors 'none'; frame-src render.githubusercontent.com render-temp.githubusercontent.com viewscreen.githubusercontent.com; img-src 'self' data: github.githubassets.com identicons.github.com collector.githubapp.com github-cloud.s3.amazonaws.com secured-user-images.githubusercontent.com/ *.githubusercontent.com; manifest-src 'self'; media-src 'none'; script-src github.githubassets.com; style-src 'unsafe-inline' github.githubassets.com; worker-src github.com/socket-worker-3f088aa2.js gist.github.com/socket-worker-3f088aa2.js","x-github-request-id":"D08E:78C4:375C:10F84:60FF5F74"}
[debug] [2021-07-27T01:20:52.024Z] >>> [apiv2][query] GET https://api.github.com/user [none]
[debug] [2021-07-27T01:20:52.463Z] <<< [apiv2][status] GET https://api.github.com/user 200
[debug] [2021-07-27T01:20:52.463Z] <<< [apiv2][body] GET https://api.github.com/user {"login":"RKS200","id":63867778,"node_id":"MDQ6VXNlcjYzODY3Nzc4","avatar_url":"https://avatars.githubusercontent.com/u/63867778?v=4","gravatar_id":"","url":"https://api.github.com/users/RKS200","html_url":"https://github.com/RKS200","followers_url":"https://api.github.com/users/RKS200/followers","following_url":"https://api.github.com/users/RKS200/following{/other_user}","gists_url":"https://api.github.com/users/RKS200/gists{/gist_id}","starred_url":"https://api.github.com/users/RKS200/starred{/owner}{/repo}","subscriptions_url":"https://api.github.com/users/RKS200/subscriptions","organizations_url":"https://api.github.com/users/RKS200/orgs","repos_url":"https://api.github.com/users/RKS200/repos","events_url":"https://api.github.com/users/RKS200/events{/privacy}","received_events_url":"https://api.github.com/users/RKS200/received_events","type":"User","site_admin":false,"name":"RKS2006","company":null,"blog":"","location":null,"email":null,"hireable":null,"bio":"I am  ...........","twitter_username":null,"public_repos":3,"public_gists":0,"followers":0,"following":0,"created_at":"2020-04-17T16:12:08Z","updated_at":"2021-07-25T06:33:45Z","private_gists":0,"total_private_repos":1,"owned_private_repos":1,"disk_usage":187,"collaborators":0,"two_factor_authentication":false,"plan":{"name":"free","space":976562499,"collaborators":0,"private_repos":10000}}
[info] 
[info] +  Success! Logged into GitHub as RKS200 
[info] 
[debug] [2021-07-27T01:21:07.490Z] >>> [apiv2][query] GET https://api.github.com/repos//actions/secrets/public-key type=owner
[debug] [2021-07-27T01:21:07.828Z] <<< [apiv2][status] GET https://api.github.com/repos//actions/secrets/public-key 404
[debug] [2021-07-27T01:21:07.828Z] <<< [apiv2][body] GET https://api.github.com/repos//actions/secrets/public-key {"message":"Not Found","documentation_url":"https://docs.github.com/rest"}
[debug] [2021-07-27T01:21:58.732Z] >>> [apiv2][query] GET https://api.github.com/repos/RKS2006/website/actions/secrets/public-key type=owner
[debug] [2021-07-27T01:21:59.074Z] <<< [apiv2][status] GET https://api.github.com/repos/RKS2006/website/actions/secrets/public-key 404
[debug] [2021-07-27T01:21:59.075Z] <<< [apiv2][body] GET https://api.github.com/repos/RKS2006/website/actions/secrets/public-key {"message":"Not Found","documentation_url":"https://docs.github.com/rest/reference/actions#get-a-repository-public-key"}
[debug] [2021-07-27T01:22:11.778Z] >>> [apiv2][query] GET https://api.github.com/repos/RKS2006/MyWebsite/actions/secrets/public-key type=owner
[debug] [2021-07-27T01:22:12.112Z] <<< [apiv2][status] GET https://api.github.com/repos/RKS2006/MyWebsite/actions/secrets/public-key 404
[debug] [2021-07-27T01:22:12.112Z] <<< [apiv2][body] GET https://api.github.com/repos/RKS2006/MyWebsite/actions/secrets/public-key {"message":"Not Found","documentation_url":"https://docs.github.com/rest/reference/actions#get-a-repository-public-key"}
